<?xml version="1.0" encoding="UTF-8"?>
<!-- Generated by org.testng.reporters.JUnitXMLReporter -->
<testsuite hostname="lenovo-PC" ignored="0" name="Command line test" tests="12" failures="3" timestamp="02 Jun 2018 14:55:24 GMT" time="121.554" errors="0">
  <testcase name="validateLoginPageTest" time="0.016" classname="com.actitime.tests.LoginPageTest"/>
  <testcase name="validateLoginPageTitleTest" time="0.058" classname="com.actitime.tests.LoginPageTest"/>
  <testcase name="validateCopyrightTest" time="0.231" classname="com.actitime.tests.LoginPageTest"/>
  <testcase name="validateActimindLinkTest" time="0.592" classname="com.actitime.tests.LoginPageTest">
    <failure type="java.lang.AssertionError" message="expected [true] but found [false]">
      <![CDATA[java.lang.AssertionError: expected [true] but found [false]at com.actitime.tests.LoginPageTest.validateActimindLinkTest(LoginPageTest.java:50)... Removed 39 stack frames]]>
    </failure>
  </testcase> <!-- validateActimindLinkTest -->
  <testcase name="loginTest" time="0.677" classname="com.actitime.tests.LoginPageTest">
    <failure type="java.lang.AssertionError" message="expected [true] but found [false]">
      <![CDATA[java.lang.AssertionError: expected [true] but found [false]at com.actitime.tests.LoginPageTest.loginTest(LoginPageTest.java:57)... Removed 39 stack frames]]>
    </failure>
  </testcase> <!-- loginTest -->
  <testcase name="loginWithKeyboardTest" time="3.249" classname="com.actitime.tests.LoginPageTest"/>
  <testcase name="loginWithTestDataTest" time="0.591" classname="com.actitime.tests.LoginPageTest">
    <failure type="java.lang.AssertionError" message="expected [true] but found [false]">
      <![CDATA[java.lang.AssertionError: expected [true] but found [false]at com.actitime.tests.LoginPageTest.loginWithTestDataTest(LoginPageTest.java:73)... Removed 39 stack frames]]>
    </failure>
  </testcase> <!-- loginWithTestDataTest -->
  <testcase name="loginWithTestDataTest" time="1.8" classname="com.actitime.tests.LoginPageTest"/>
  <testcase name="loginWithTestDataTest" time="1.021" classname="com.actitime.tests.LoginPageTest"/>
  <testcase name="loginWithTestDataTest" time="0.994" classname="com.actitime.tests.LoginPageTest"/>
  <testcase name="loginWithTestDataTest" time="1.149" classname="com.actitime.tests.LoginPageTest"/>
  <testcase name="loginWithTestDataTest" time="1.088" classname="com.actitime.tests.LoginPageTest"/>
</testsuite> <!-- Command line test -->
