<?xml version="1.0" encoding="UTF-8"?>
<!-- Generated by org.testng.reporters.JUnitXMLReporter -->
<testsuite hostname="lenovo-PC" ignored="0" name="ActiTime Test" tests="7" failures="3" timestamp="27 May 2018 17:34:11 GMT" time="46.148" errors="0">
  <testcase name="validateLoginPageTest" time="0.062" classname="com.actitime.tests.LoginPageTest"/>
  <testcase name="validateLoginPageTitleTest" time="0.03" classname="com.actitime.tests.LoginPageTest"/>
  <testcase name="validateCopyrightTest" time="0.17" classname="com.actitime.tests.LoginPageTest"/>
  <testcase name="validateActimindLinkTest" time="1.032" classname="com.actitime.tests.LoginPageTest">
    <failure type="java.lang.AssertionError" message="expected [true] but found [false]">
      <![CDATA[java.lang.AssertionError: expected [true] but found [false]at com.actitime.tests.LoginPageTest.validateActimindLinkTest(LoginPageTest.java:50)... Removed 29 stack frames]]>
    </failure>
  </testcase> <!-- validateActimindLinkTest -->
  <testcase name="loginTest" time="0.76" classname="com.actitime.tests.LoginPageTest">
    <failure type="java.lang.AssertionError" message="expected [true] but found [false]">
      <![CDATA[java.lang.AssertionError: expected [true] but found [false]at com.actitime.tests.LoginPageTest.loginTest(LoginPageTest.java:57)... Removed 29 stack frames]]>
    </failure>
  </testcase> <!-- loginTest -->
  <testcase name="loginWithKeyboardTest" time="0.457" classname="com.actitime.tests.LoginPageTest">
    <failure type="java.lang.AssertionError" message="expected [true] but found [false]">
      <![CDATA[java.lang.AssertionError: expected [true] but found [false]at com.actitime.tests.LoginPageTest.loginWithKeyboardTest(LoginPageTest.java:64)... Removed 29 stack frames]]>
    </failure>
  </testcase> <!-- loginWithKeyboardTest -->
  <testcase name="loginWithTestDataTest" time="0.0" classname="com.actitime.tests.LoginPageTest">
    <skipped/>
  </testcase> <!-- loginWithTestDataTest -->
</testsuite> <!-- ActiTime Test -->
