<!DOCTYPE html PUBLIC "-//W3C//DTD XHTML 1.1//EN" "http://www.w3.org/TR/xhtml11/DTD/xhtml11.dtd">
<html xmlns="http://www.w3.org/1999/xhtml">
<head>
<meta http-equiv="content-type" content="text/html; charset=UTF-8"/>
<title>TestNG Report</title>
<style type="text/css">table {margin-bottom:10px;border-collapse:collapse;empty-cells:show}th,td {border:1px solid #009;padding:.25em .5em}th {vertical-align:bottom}td {vertical-align:top}table a {font-weight:bold}.stripe td {background-color: #E6EBF9}.num {text-align:right}.passedodd td {background-color: #3F3}.passedeven td {background-color: #0A0}.skippedodd td {background-color: #DDD}.skippedeven td {background-color: #CCC}.failedodd td,.attn {background-color: #F33}.failedeven td,.stripe .attn {background-color: #D00}.stacktrace {white-space:pre;font-family:monospace}.totop {font-size:85%;text-align:center;border-bottom:2px solid #000}.invisible {display:none}</style>
</head>
<body>
<table>
<tr><th>Test</th><th># Passed</th><th># Skipped</th><th># Failed</th><th>Time (ms)</th><th>Included Groups</th><th>Excluded Groups</th></tr>
<tr><th colspan="7">Command line suite</th></tr>
<tr><td><a href="#t0">Command line test</a></td><td class="num">9</td><td class="num">0</td><td class="num attn">3</td><td class="num">121,554</td><td></td><td></td></tr>
</table>
<table id='summary'><thead><tr><th>Class</th><th>Method</th><th>Start</th><th>Time (ms)</th></tr></thead><tbody><tr><th colspan="4">Command line suite</th></tr></tbody><tbody id="t0"><tr><th colspan="4">Command line test &#8212; failed</th></tr><tr class="failedeven"><td rowspan="3">com.actitime.tests.LoginPageTest</td><td><a href="#m0">loginTest</a></td><td rowspan="1">1527951254946</td><td rowspan="1">677</td></tr><tr class="failedeven"><td><a href="#m1">loginWithTestDataTest</a></td><td rowspan="1">1527951278057</td><td rowspan="1">591</td></tr><tr class="failedeven"><td><a href="#m2">validateActimindLinkTest</a></td><td rowspan="1">1527951246950</td><td rowspan="1">592</td></tr><tr><th colspan="4">Command line test &#8212; passed</th></tr><tr class="passedeven"><td rowspan="9">com.actitime.tests.LoginPageTest</td><td><a href="#m3">loginWithKeyboardTest</a></td><td rowspan="1">1527951263278</td><td rowspan="1">3249</td></tr><tr class="passedeven"><td><a href="#m4">loginWithTestDataTest</a></td><td rowspan="5">1527951306470</td><td rowspan="5">994</td></tr><tr class="passedeven"><td><a href="#m5">loginWithTestDataTest</a></td></tr><tr class="passedeven"><td><a href="#m6">loginWithTestDataTest</a></td></tr><tr class="passedeven"><td><a href="#m7">loginWithTestDataTest</a></td></tr><tr class="passedeven"><td><a href="#m8">loginWithTestDataTest</a></td></tr><tr class="passedeven"><td><a href="#m9">validateCopyrightTest</a></td><td rowspan="1">1527951237766</td><td rowspan="1">231</td></tr><tr class="passedeven"><td><a href="#m10">validateLoginPageTest</a></td><td rowspan="1">1527951219322</td><td rowspan="1">16</td></tr><tr class="passedeven"><td><a href="#m11">validateLoginPageTitleTest</a></td><td rowspan="1">1527951228343</td><td rowspan="1">58</td></tr></tbody>
</table>
<h2>Command line test</h2><h3 id="m0">com.actitime.tests.LoginPageTest#loginTest</h3><table class="result"><tr><th>Exception</th></tr><tr><td><div class="stacktrace">java.lang.AssertionError: expected [true] but found [false]
	at com.actitime.tests.LoginPageTest.loginTest(LoginPageTest.java:57)
... Removed 39 stack frames</div></td></tr></table><p class="totop"><a href="#summary">back to summary</a></p>
<h3 id="m1">com.actitime.tests.LoginPageTest#loginWithTestDataTest</h3><table class="result"><tr class="param"><th>Parameter #1</th><th>Parameter #2</th><th>Parameter #3</th></tr><tr class="param stripe"><td>admin</td><td>manager</td><td>pass</td></tr><tr><th colspan="3">Exception</th></tr><tr><td colspan="3"><div class="stacktrace">java.lang.AssertionError: expected [true] but found [false]
	at com.actitime.tests.LoginPageTest.loginWithTestDataTest(LoginPageTest.java:73)
... Removed 39 stack frames</div></td></tr></table><p class="totop"><a href="#summary">back to summary</a></p>
<h3 id="m2">com.actitime.tests.LoginPageTest#validateActimindLinkTest</h3><table class="result"><tr><th>Exception</th></tr><tr><td><div class="stacktrace">java.lang.AssertionError: expected [true] but found [false]
	at com.actitime.tests.LoginPageTest.validateActimindLinkTest(LoginPageTest.java:50)
... Removed 39 stack frames</div></td></tr></table><p class="totop"><a href="#summary">back to summary</a></p>
<h3 id="m3">com.actitime.tests.LoginPageTest#loginWithKeyboardTest</h3><table class="result"><tr><th class="invisible"/></tr></table><p class="totop"><a href="#summary">back to summary</a></p>
<h3 id="m4">com.actitime.tests.LoginPageTest#loginWithTestDataTest</h3><table class="result"><tr class="param"><th>Parameter #1</th><th>Parameter #2</th><th>Parameter #3</th></tr><tr class="param stripe"><td>admn</td><td>manager</td><td>fail</td></tr></table><p class="totop"><a href="#summary">back to summary</a></p>
<h3 id="m5">com.actitime.tests.LoginPageTest#loginWithTestDataTest</h3><table class="result"><tr class="param"><th>Parameter #1</th><th>Parameter #2</th><th>Parameter #3</th></tr><tr class="param stripe"><td> admi</td><td>manager</td><td>fail</td></tr></table><p class="totop"><a href="#summary">back to summary</a></p>
<h3 id="m6">com.actitime.tests.LoginPageTest#loginWithTestDataTest</h3><table class="result"><tr class="param"><th>Parameter #1</th><th>Parameter #2</th><th>Parameter #3</th></tr><tr class="param stripe"><td>dmin</td><td>manager</td><td>fail</td></tr></table><p class="totop"><a href="#summary">back to summary</a></p>
<h3 id="m7">com.actitime.tests.LoginPageTest#loginWithTestDataTest</h3><table class="result"><tr class="param"><th>Parameter #1</th><th>Parameter #2</th><th>Parameter #3</th></tr><tr class="param stripe"><td>admin</td><td>manage</td><td>fail</td></tr></table><p class="totop"><a href="#summary">back to summary</a></p>
<h3 id="m8">com.actitime.tests.LoginPageTest#loginWithTestDataTest</h3><table class="result"><tr class="param"><th>Parameter #1</th><th>Parameter #2</th><th>Parameter #3</th></tr><tr class="param stripe"><td>admin</td><td>mnager</td><td>fail</td></tr></table><p class="totop"><a href="#summary">back to summary</a></p>
<h3 id="m9">com.actitime.tests.LoginPageTest#validateCopyrightTest</h3><table class="result"><tr><th class="invisible"/></tr></table><p class="totop"><a href="#summary">back to summary</a></p>
<h3 id="m10">com.actitime.tests.LoginPageTest#validateLoginPageTest</h3><table class="result"><tr><th class="invisible"/></tr></table><p class="totop"><a href="#summary">back to summary</a></p>
<h3 id="m11">com.actitime.tests.LoginPageTest#validateLoginPageTitleTest</h3><table class="result"><tr><th class="invisible"/></tr></table><p class="totop"><a href="#summary">back to summary</a></p>
</body>
</html>
