<?xml version="1.0" encoding="UTF-8"?>
<testng-results skipped="0" failed="3" ignored="0" total="12" passed="9">
  <reporter-output>
  </reporter-output>
  <suite name="Command line suite" duration-ms="121554" started-at="2018-06-02T14:53:22Z" finished-at="2018-06-02T14:55:24Z">
    <groups>
      <group name="Application Functionality">
        <method signature="LoginPageTest.loginWithTestDataTest(java.lang.String, java.lang.String, java.lang.String)[pri:7, instance:com.actitime.tests.LoginPageTest@17e1986]" name="loginWithTestDataTest" class="com.actitime.tests.LoginPageTest"/>
      </group> <!-- Application Functionality -->
      <group name="Navigation Functionality Validation">
        <method signature="LoginPageTest.loginTest()[pri:5, instance:com.actitime.tests.LoginPageTest@17e1986]" name="loginTest" class="com.actitime.tests.LoginPageTest"/>
        <method signature="LoginPageTest.loginWithKeyboardTest()[pri:6, instance:com.actitime.tests.LoginPageTest@17e1986]" name="loginWithKeyboardTest" class="com.actitime.tests.LoginPageTest"/>
      </group> <!-- Navigation Functionality Validation -->
      <group name="Page Validation">
        <method signature="LoginPageTest.validateActimindLinkTest()[pri:4, instance:com.actitime.tests.LoginPageTest@17e1986]" name="validateActimindLinkTest" class="com.actitime.tests.LoginPageTest"/>
        <method signature="LoginPageTest.validateCopyrightTest()[pri:3, instance:com.actitime.tests.LoginPageTest@17e1986]" name="validateCopyrightTest" class="com.actitime.tests.LoginPageTest"/>
        <method signature="LoginPageTest.validateLoginPageTest()[pri:1, instance:com.actitime.tests.LoginPageTest@17e1986]" name="validateLoginPageTest" class="com.actitime.tests.LoginPageTest"/>
        <method signature="LoginPageTest.validateLoginPageTitleTest()[pri:2, instance:com.actitime.tests.LoginPageTest@17e1986]" name="validateLoginPageTitleTest" class="com.actitime.tests.LoginPageTest"/>
      </group> <!-- Page Validation -->
    </groups>
    <test name="Command line test" duration-ms="121554" started-at="2018-06-02T14:53:22Z" finished-at="2018-06-02T14:55:24Z">
      <class name="com.actitime.tests.LoginPageTest">
        <test-method status="PASS" signature="setup()[pri:0, instance:com.actitime.tests.LoginPageTest@17e1986]" name="setup" is-config="true" duration-ms="16304" started-at="2018-06-02T20:23:23Z" finished-at="2018-06-02T20:23:39Z">
          <reporter-output>
          </reporter-output>
        </test-method> <!-- setup -->
        <test-method status="PASS" signature="validateLoginPageTest()[pri:1, instance:com.actitime.tests.LoginPageTest@17e1986]" name="validateLoginPageTest" duration-ms="16" started-at="2018-06-02T20:23:39Z" description="TestCase ID:5141" finished-at="2018-06-02T20:23:39Z">
          <reporter-output>
          </reporter-output>
        </test-method> <!-- validateLoginPageTest -->
        <test-method status="PASS" signature="TearDown()[pri:0, instance:com.actitime.tests.LoginPageTest@17e1986]" name="TearDown" is-config="true" duration-ms="701" started-at="2018-06-02T20:23:39Z" finished-at="2018-06-02T20:23:40Z">
          <reporter-output>
          </reporter-output>
        </test-method> <!-- TearDown -->
        <test-method status="PASS" signature="setup()[pri:0, instance:com.actitime.tests.LoginPageTest@17e1986]" name="setup" is-config="true" duration-ms="8293" started-at="2018-06-02T20:23:40Z" finished-at="2018-06-02T20:23:48Z">
          <reporter-output>
          </reporter-output>
        </test-method> <!-- setup -->
        <test-method status="PASS" signature="validateLoginPageTitleTest()[pri:2, instance:com.actitime.tests.LoginPageTest@17e1986]" name="validateLoginPageTitleTest" duration-ms="58" started-at="2018-06-02T20:23:48Z" description="TestCase ID:5142" finished-at="2018-06-02T20:23:48Z">
          <reporter-output>
          </reporter-output>
        </test-method> <!-- validateLoginPageTitleTest -->
        <test-method status="PASS" signature="TearDown()[pri:0, instance:com.actitime.tests.LoginPageTest@17e1986]" name="TearDown" is-config="true" duration-ms="769" started-at="2018-06-02T20:23:48Z" finished-at="2018-06-02T20:23:49Z">
          <reporter-output>
          </reporter-output>
        </test-method> <!-- TearDown -->
        <test-method status="PASS" signature="setup()[pri:0, instance:com.actitime.tests.LoginPageTest@17e1986]" name="setup" is-config="true" duration-ms="8595" started-at="2018-06-02T20:23:49Z" finished-at="2018-06-02T20:23:57Z">
          <reporter-output>
          </reporter-output>
        </test-method> <!-- setup -->
        <test-method status="PASS" signature="validateCopyrightTest()[pri:3, instance:com.actitime.tests.LoginPageTest@17e1986]" name="validateCopyrightTest" duration-ms="231" started-at="2018-06-02T20:23:57Z" description="TestCase ID:5143" finished-at="2018-06-02T20:23:57Z">
          <reporter-output>
          </reporter-output>
        </test-method> <!-- validateCopyrightTest -->
        <test-method status="PASS" signature="TearDown()[pri:0, instance:com.actitime.tests.LoginPageTest@17e1986]" name="TearDown" is-config="true" duration-ms="701" started-at="2018-06-02T20:23:57Z" finished-at="2018-06-02T20:23:58Z">
          <reporter-output>
          </reporter-output>
        </test-method> <!-- TearDown -->
        <test-method status="PASS" signature="setup()[pri:0, instance:com.actitime.tests.LoginPageTest@17e1986]" name="setup" is-config="true" duration-ms="8250" started-at="2018-06-02T20:23:58Z" finished-at="2018-06-02T20:24:06Z">
          <reporter-output>
          </reporter-output>
        </test-method> <!-- setup -->
        <test-method status="FAIL" signature="validateActimindLinkTest()[pri:4, instance:com.actitime.tests.LoginPageTest@17e1986]" name="validateActimindLinkTest" duration-ms="592" started-at="2018-06-02T20:24:06Z" description="TestCase ID:5144" finished-at="2018-06-02T20:24:07Z">
          <exception class="java.lang.AssertionError">
            <message>
              <![CDATA[expected [true] but found [false]]]>
            </message>
            <full-stacktrace>
              <![CDATA[java.lang.AssertionError: expected [true] but found [false]at org.testng.Assert.fail(Assert.java:96)at org.testng.Assert.failNotEquals(Assert.java:776)at org.testng.Assert.assertTrue(Assert.java:44)at org.testng.Assert.assertTrue(Assert.java:54)at com.actitime.tests.LoginPageTest.validateActimindLinkTest(LoginPageTest.java:50)at sun.reflect.NativeMethodAccessorImpl.invoke0(Native Method)at sun.reflect.NativeMethodAccessorImpl.invoke(NativeMethodAccessorImpl.java:62)at sun.reflect.DelegatingMethodAccessorImpl.invoke(DelegatingMethodAccessorImpl.java:43)at java.lang.reflect.Method.invoke(Method.java:498)at org.testng.internal.MethodInvocationHelper.invokeMethod(MethodInvocationHelper.java:124)at org.testng.internal.Invoker.invokeMethod(Invoker.java:571)at org.testng.internal.Invoker.invokeTestMethod(Invoker.java:707)at org.testng.internal.Invoker.invokeTestMethods(Invoker.java:979)at org.testng.internal.TestMethodWorker.invokeTestMethods(TestMethodWorker.java:125)at org.testng.internal.TestMethodWorker.run(TestMethodWorker.java:109)at org.testng.TestRunner.privateRun(TestRunner.java:648)at org.testng.TestRunner.run(TestRunner.java:505)at org.testng.SuiteRunner.runTest(SuiteRunner.java:455)at org.testng.SuiteRunner.runSequentially(SuiteRunner.java:450)at org.testng.SuiteRunner.privateRun(SuiteRunner.java:415)at org.testng.SuiteRunner.run(SuiteRunner.java:364)at org.testng.SuiteRunnerWorker.runSuite(SuiteRunnerWorker.java:52)at org.testng.SuiteRunnerWorker.run(SuiteRunnerWorker.java:84)at org.testng.TestNG.runSuitesSequentially(TestNG.java:1187)at org.testng.TestNG.runSuitesLocally(TestNG.java:1116)at org.testng.TestNG.runSuites(TestNG.java:1028)at org.testng.TestNG.run(TestNG.java:996)at org.apache.maven.surefire.testng.TestNGExecutor.run(TestNGExecutor.java:77)at org.apache.maven.surefire.testng.TestNGDirectoryTestSuite.executeMulti(TestNGDirectoryTestSuite.java:159)at org.apache.maven.surefire.testng.TestNGDirectoryTestSuite.execute(TestNGDirectoryTestSuite.java:99)at org.apache.maven.surefire.testng.TestNGProvider.invoke(TestNGProvider.java:106)at sun.reflect.NativeMethodAccessorImpl.invoke0(Native Method)at sun.reflect.NativeMethodAccessorImpl.invoke(NativeMethodAccessorImpl.java:62)at sun.reflect.DelegatingMethodAccessorImpl.invoke(DelegatingMethodAccessorImpl.java:43)at java.lang.reflect.Method.invoke(Method.java:498)at org.apache.maven.surefire.util.ReflectionUtils.invokeMethodWithArray(ReflectionUtils.java:189)at org.apache.maven.surefire.booter.ProviderFactory$ProviderProxy.invoke(ProviderFactory.java:165)at org.apache.maven.surefire.booter.ProviderFactory.invokeProvider(ProviderFactory.java:85)at org.apache.maven.surefire.booter.ForkedBooter.runSuitesInProcess(ForkedBooter.java:115)at org.apache.maven.surefire.booter.ForkedBooter.main(ForkedBooter.java:75)]]>
            </full-stacktrace>
          </exception> <!-- java.lang.AssertionError -->
          <reporter-output>
          </reporter-output>
        </test-method> <!-- validateActimindLinkTest -->
        <test-method status="PASS" signature="TearDown()[pri:0, instance:com.actitime.tests.LoginPageTest@17e1986]" name="TearDown" is-config="true" duration-ms="666" started-at="2018-06-02T20:24:07Z" finished-at="2018-06-02T20:24:08Z">
          <reporter-output>
          </reporter-output>
        </test-method> <!-- TearDown -->
        <test-method status="PASS" signature="setup()[pri:0, instance:com.actitime.tests.LoginPageTest@17e1986]" name="setup" is-config="true" duration-ms="6704" started-at="2018-06-02T20:24:08Z" finished-at="2018-06-02T20:24:14Z">
          <reporter-output>
          </reporter-output>
        </test-method> <!-- setup -->
        <test-method status="FAIL" signature="loginTest()[pri:5, instance:com.actitime.tests.LoginPageTest@17e1986]" name="loginTest" duration-ms="677" started-at="2018-06-02T20:24:14Z" description="TestCase ID:5145" finished-at="2018-06-02T20:24:15Z">
          <exception class="java.lang.AssertionError">
            <message>
              <![CDATA[expected [true] but found [false]]]>
            </message>
            <full-stacktrace>
              <![CDATA[java.lang.AssertionError: expected [true] but found [false]at org.testng.Assert.fail(Assert.java:96)at org.testng.Assert.failNotEquals(Assert.java:776)at org.testng.Assert.assertTrue(Assert.java:44)at org.testng.Assert.assertTrue(Assert.java:54)at com.actitime.tests.LoginPageTest.loginTest(LoginPageTest.java:57)at sun.reflect.NativeMethodAccessorImpl.invoke0(Native Method)at sun.reflect.NativeMethodAccessorImpl.invoke(NativeMethodAccessorImpl.java:62)at sun.reflect.DelegatingMethodAccessorImpl.invoke(DelegatingMethodAccessorImpl.java:43)at java.lang.reflect.Method.invoke(Method.java:498)at org.testng.internal.MethodInvocationHelper.invokeMethod(MethodInvocationHelper.java:124)at org.testng.internal.Invoker.invokeMethod(Invoker.java:571)at org.testng.internal.Invoker.invokeTestMethod(Invoker.java:707)at org.testng.internal.Invoker.invokeTestMethods(Invoker.java:979)at org.testng.internal.TestMethodWorker.invokeTestMethods(TestMethodWorker.java:125)at org.testng.internal.TestMethodWorker.run(TestMethodWorker.java:109)at org.testng.TestRunner.privateRun(TestRunner.java:648)at org.testng.TestRunner.run(TestRunner.java:505)at org.testng.SuiteRunner.runTest(SuiteRunner.java:455)at org.testng.SuiteRunner.runSequentially(SuiteRunner.java:450)at org.testng.SuiteRunner.privateRun(SuiteRunner.java:415)at org.testng.SuiteRunner.run(SuiteRunner.java:364)at org.testng.SuiteRunnerWorker.runSuite(SuiteRunnerWorker.java:52)at org.testng.SuiteRunnerWorker.run(SuiteRunnerWorker.java:84)at org.testng.TestNG.runSuitesSequentially(TestNG.java:1187)at org.testng.TestNG.runSuitesLocally(TestNG.java:1116)at org.testng.TestNG.runSuites(TestNG.java:1028)at org.testng.TestNG.run(TestNG.java:996)at org.apache.maven.surefire.testng.TestNGExecutor.run(TestNGExecutor.java:77)at org.apache.maven.surefire.testng.TestNGDirectoryTestSuite.executeMulti(TestNGDirectoryTestSuite.java:159)at org.apache.maven.surefire.testng.TestNGDirectoryTestSuite.execute(TestNGDirectoryTestSuite.java:99)at org.apache.maven.surefire.testng.TestNGProvider.invoke(TestNGProvider.java:106)at sun.reflect.NativeMethodAccessorImpl.invoke0(Native Method)at sun.reflect.NativeMethodAccessorImpl.invoke(NativeMethodAccessorImpl.java:62)at sun.reflect.DelegatingMethodAccessorImpl.invoke(DelegatingMethodAccessorImpl.java:43)at java.lang.reflect.Method.invoke(Method.java:498)at org.apache.maven.surefire.util.ReflectionUtils.invokeMethodWithArray(ReflectionUtils.java:189)at org.apache.maven.surefire.booter.ProviderFactory$ProviderProxy.invoke(ProviderFactory.java:165)at org.apache.maven.surefire.booter.ProviderFactory.invokeProvider(ProviderFactory.java:85)at org.apache.maven.surefire.booter.ForkedBooter.runSuitesInProcess(ForkedBooter.java:115)at org.apache.maven.surefire.booter.ForkedBooter.main(ForkedBooter.java:75)]]>
            </full-stacktrace>
          </exception> <!-- java.lang.AssertionError -->
          <reporter-output>
          </reporter-output>
        </test-method> <!-- loginTest -->
        <test-method status="PASS" signature="TearDown()[pri:0, instance:com.actitime.tests.LoginPageTest@17e1986]" name="TearDown" is-config="true" duration-ms="800" started-at="2018-06-02T20:24:15Z" finished-at="2018-06-02T20:24:16Z">
          <reporter-output>
          </reporter-output>
        </test-method> <!-- TearDown -->
        <test-method status="PASS" signature="setup()[pri:0, instance:com.actitime.tests.LoginPageTest@17e1986]" name="setup" is-config="true" duration-ms="6851" started-at="2018-06-02T20:24:16Z" finished-at="2018-06-02T20:24:23Z">
          <reporter-output>
          </reporter-output>
        </test-method> <!-- setup -->
        <test-method status="PASS" signature="loginWithKeyboardTest()[pri:6, instance:com.actitime.tests.LoginPageTest@17e1986]" name="loginWithKeyboardTest" duration-ms="3249" started-at="2018-06-02T20:24:23Z" description="TestCase ID:5146" finished-at="2018-06-02T20:24:26Z">
          <reporter-output>
          </reporter-output>
        </test-method> <!-- loginWithKeyboardTest -->
        <test-method status="PASS" signature="TearDown()[pri:0, instance:com.actitime.tests.LoginPageTest@17e1986]" name="TearDown" is-config="true" duration-ms="839" started-at="2018-06-02T20:24:26Z" finished-at="2018-06-02T20:24:27Z">
          <reporter-output>
          </reporter-output>
        </test-method> <!-- TearDown -->
        <test-method status="PASS" signature="setup()[pri:0, instance:com.actitime.tests.LoginPageTest@17e1986]" name="setup" is-config="true" duration-ms="6795" started-at="2018-06-02T20:24:31Z" finished-at="2018-06-02T20:24:38Z">
          <reporter-output>
          </reporter-output>
        </test-method> <!-- setup -->
        <test-method status="FAIL" signature="loginWithTestDataTest(java.lang.String, java.lang.String, java.lang.String)[pri:7, instance:com.actitime.tests.LoginPageTest@17e1986]" name="loginWithTestDataTest" duration-ms="591" started-at="2018-06-02T20:24:38Z" description="TestCase ID:5147" data-provider="getTestData" finished-at="2018-06-02T20:24:38Z">
          <params>
            <param index="0">
              <value>
                <![CDATA[admin]]>
              </value>
            </param>
            <param index="1">
              <value>
                <![CDATA[manager]]>
              </value>
            </param>
            <param index="2">
              <value>
                <![CDATA[pass]]>
              </value>
            </param>
          </params>
          <exception class="java.lang.AssertionError">
            <message>
              <![CDATA[expected [true] but found [false]]]>
            </message>
            <full-stacktrace>
              <![CDATA[java.lang.AssertionError: expected [true] but found [false]at org.testng.Assert.fail(Assert.java:96)at org.testng.Assert.failNotEquals(Assert.java:776)at org.testng.Assert.assertTrue(Assert.java:44)at org.testng.Assert.assertTrue(Assert.java:54)at com.actitime.tests.LoginPageTest.loginWithTestDataTest(LoginPageTest.java:73)at sun.reflect.NativeMethodAccessorImpl.invoke0(Native Method)at sun.reflect.NativeMethodAccessorImpl.invoke(NativeMethodAccessorImpl.java:62)at sun.reflect.DelegatingMethodAccessorImpl.invoke(DelegatingMethodAccessorImpl.java:43)at java.lang.reflect.Method.invoke(Method.java:498)at org.testng.internal.MethodInvocationHelper.invokeMethod(MethodInvocationHelper.java:124)at org.testng.internal.Invoker.invokeMethod(Invoker.java:571)at org.testng.internal.Invoker.invokeTestMethod(Invoker.java:707)at org.testng.internal.Invoker.invokeTestMethods(Invoker.java:979)at org.testng.internal.TestMethodWorker.invokeTestMethods(TestMethodWorker.java:125)at org.testng.internal.TestMethodWorker.run(TestMethodWorker.java:109)at org.testng.TestRunner.privateRun(TestRunner.java:648)at org.testng.TestRunner.run(TestRunner.java:505)at org.testng.SuiteRunner.runTest(SuiteRunner.java:455)at org.testng.SuiteRunner.runSequentially(SuiteRunner.java:450)at org.testng.SuiteRunner.privateRun(SuiteRunner.java:415)at org.testng.SuiteRunner.run(SuiteRunner.java:364)at org.testng.SuiteRunnerWorker.runSuite(SuiteRunnerWorker.java:52)at org.testng.SuiteRunnerWorker.run(SuiteRunnerWorker.java:84)at org.testng.TestNG.runSuitesSequentially(TestNG.java:1187)at org.testng.TestNG.runSuitesLocally(TestNG.java:1116)at org.testng.TestNG.runSuites(TestNG.java:1028)at org.testng.TestNG.run(TestNG.java:996)at org.apache.maven.surefire.testng.TestNGExecutor.run(TestNGExecutor.java:77)at org.apache.maven.surefire.testng.TestNGDirectoryTestSuite.executeMulti(TestNGDirectoryTestSuite.java:159)at org.apache.maven.surefire.testng.TestNGDirectoryTestSuite.execute(TestNGDirectoryTestSuite.java:99)at org.apache.maven.surefire.testng.TestNGProvider.invoke(TestNGProvider.java:106)at sun.reflect.NativeMethodAccessorImpl.invoke0(Native Method)at sun.reflect.NativeMethodAccessorImpl.invoke(NativeMethodAccessorImpl.java:62)at sun.reflect.DelegatingMethodAccessorImpl.invoke(DelegatingMethodAccessorImpl.java:43)at java.lang.reflect.Method.invoke(Method.java:498)at org.apache.maven.surefire.util.ReflectionUtils.invokeMethodWithArray(ReflectionUtils.java:189)at org.apache.maven.surefire.booter.ProviderFactory$ProviderProxy.invoke(ProviderFactory.java:165)at org.apache.maven.surefire.booter.ProviderFactory.invokeProvider(ProviderFactory.java:85)at org.apache.maven.surefire.booter.ForkedBooter.runSuitesInProcess(ForkedBooter.java:115)at org.apache.maven.surefire.booter.ForkedBooter.main(ForkedBooter.java:75)]]>
            </full-stacktrace>
          </exception> <!-- java.lang.AssertionError -->
          <reporter-output>
          </reporter-output>
        </test-method> <!-- loginWithTestDataTest -->
        <test-method status="PASS" signature="TearDown()[pri:0, instance:com.actitime.tests.LoginPageTest@17e1986]" name="TearDown" is-config="true" duration-ms="697" started-at="2018-06-02T20:24:38Z" finished-at="2018-06-02T20:24:39Z">
          <reporter-output>
          </reporter-output>
        </test-method> <!-- TearDown -->
        <test-method status="PASS" signature="setup()[pri:0, instance:com.actitime.tests.LoginPageTest@17e1986]" name="setup" is-config="true" duration-ms="7964" started-at="2018-06-02T20:24:39Z" finished-at="2018-06-02T20:24:47Z">
          <reporter-output>
          </reporter-output>
        </test-method> <!-- setup -->
        <test-method status="PASS" signature="loginWithTestDataTest(java.lang.String, java.lang.String, java.lang.String)[pri:7, instance:com.actitime.tests.LoginPageTest@17e1986]" name="loginWithTestDataTest" duration-ms="1800" started-at="2018-06-02T20:24:47Z" description="TestCase ID:5147" data-provider="getTestData" finished-at="2018-06-02T20:24:49Z">
          <params>
            <param index="0">
              <value>
                <![CDATA[admin]]>
              </value>
            </param>
            <param index="1">
              <value>
                <![CDATA[mnager]]>
              </value>
            </param>
            <param index="2">
              <value>
                <![CDATA[fail]]>
              </value>
            </param>
          </params>
          <reporter-output>
          </reporter-output>
        </test-method> <!-- loginWithTestDataTest -->
        <test-method status="PASS" signature="TearDown()[pri:0, instance:com.actitime.tests.LoginPageTest@17e1986]" name="TearDown" is-config="true" duration-ms="864" started-at="2018-06-02T20:24:49Z" finished-at="2018-06-02T20:24:49Z">
          <reporter-output>
          </reporter-output>
        </test-method> <!-- TearDown -->
        <test-method status="PASS" signature="setup()[pri:0, instance:com.actitime.tests.LoginPageTest@17e1986]" name="setup" is-config="true" duration-ms="7477" started-at="2018-06-02T20:24:49Z" finished-at="2018-06-02T20:24:57Z">
          <reporter-output>
          </reporter-output>
        </test-method> <!-- setup -->
        <test-method status="PASS" signature="loginWithTestDataTest(java.lang.String, java.lang.String, java.lang.String)[pri:7, instance:com.actitime.tests.LoginPageTest@17e1986]" name="loginWithTestDataTest" duration-ms="1021" started-at="2018-06-02T20:24:57Z" description="TestCase ID:5147" data-provider="getTestData" finished-at="2018-06-02T20:24:58Z">
          <params>
            <param index="0">
              <value>
                <![CDATA[admin]]>
              </value>
            </param>
            <param index="1">
              <value>
                <![CDATA[manage]]>
              </value>
            </param>
            <param index="2">
              <value>
                <![CDATA[fail]]>
              </value>
            </param>
          </params>
          <reporter-output>
          </reporter-output>
        </test-method> <!-- loginWithTestDataTest -->
        <test-method status="PASS" signature="TearDown()[pri:0, instance:com.actitime.tests.LoginPageTest@17e1986]" name="TearDown" is-config="true" duration-ms="708" started-at="2018-06-02T20:24:58Z" finished-at="2018-06-02T20:24:59Z">
          <reporter-output>
          </reporter-output>
        </test-method> <!-- TearDown -->
        <test-method status="PASS" signature="setup()[pri:0, instance:com.actitime.tests.LoginPageTest@17e1986]" name="setup" is-config="true" duration-ms="7286" started-at="2018-06-02T20:24:59Z" finished-at="2018-06-02T20:25:06Z">
          <reporter-output>
          </reporter-output>
        </test-method> <!-- setup -->
        <test-method status="PASS" signature="loginWithTestDataTest(java.lang.String, java.lang.String, java.lang.String)[pri:7, instance:com.actitime.tests.LoginPageTest@17e1986]" name="loginWithTestDataTest" duration-ms="994" started-at="2018-06-02T20:25:06Z" description="TestCase ID:5147" data-provider="getTestData" finished-at="2018-06-02T20:25:07Z">
          <params>
            <param index="0">
              <value>
                <![CDATA[admn]]>
              </value>
            </param>
            <param index="1">
              <value>
                <![CDATA[manager]]>
              </value>
            </param>
            <param index="2">
              <value>
                <![CDATA[fail]]>
              </value>
            </param>
          </params>
          <reporter-output>
          </reporter-output>
        </test-method> <!-- loginWithTestDataTest -->
        <test-method status="PASS" signature="TearDown()[pri:0, instance:com.actitime.tests.LoginPageTest@17e1986]" name="TearDown" is-config="true" duration-ms="693" started-at="2018-06-02T20:25:07Z" finished-at="2018-06-02T20:25:08Z">
          <reporter-output>
          </reporter-output>
        </test-method> <!-- TearDown -->
        <test-method status="PASS" signature="setup()[pri:0, instance:com.actitime.tests.LoginPageTest@17e1986]" name="setup" is-config="true" duration-ms="5327" started-at="2018-06-02T20:25:08Z" finished-at="2018-06-02T20:25:13Z">
          <reporter-output>
          </reporter-output>
        </test-method> <!-- setup -->
        <test-method status="PASS" signature="loginWithTestDataTest(java.lang.String, java.lang.String, java.lang.String)[pri:7, instance:com.actitime.tests.LoginPageTest@17e1986]" name="loginWithTestDataTest" duration-ms="1149" started-at="2018-06-02T20:25:13Z" description="TestCase ID:5147" data-provider="getTestData" finished-at="2018-06-02T20:25:14Z">
          <params>
            <param index="0">
              <value>
                <![CDATA[dmin]]>
              </value>
            </param>
            <param index="1">
              <value>
                <![CDATA[manager]]>
              </value>
            </param>
            <param index="2">
              <value>
                <![CDATA[fail]]>
              </value>
            </param>
          </params>
          <reporter-output>
          </reporter-output>
        </test-method> <!-- loginWithTestDataTest -->
        <test-method status="PASS" signature="TearDown()[pri:0, instance:com.actitime.tests.LoginPageTest@17e1986]" name="TearDown" is-config="true" duration-ms="680" started-at="2018-06-02T20:25:14Z" finished-at="2018-06-02T20:25:15Z">
          <reporter-output>
          </reporter-output>
        </test-method> <!-- TearDown -->
        <test-method status="PASS" signature="setup()[pri:0, instance:com.actitime.tests.LoginPageTest@17e1986]" name="setup" is-config="true" duration-ms="7396" started-at="2018-06-02T20:25:15Z" finished-at="2018-06-02T20:25:22Z">
          <reporter-output>
          </reporter-output>
        </test-method> <!-- setup -->
        <test-method status="PASS" signature="loginWithTestDataTest(java.lang.String, java.lang.String, java.lang.String)[pri:7, instance:com.actitime.tests.LoginPageTest@17e1986]" name="loginWithTestDataTest" duration-ms="1088" started-at="2018-06-02T20:25:22Z" description="TestCase ID:5147" data-provider="getTestData" finished-at="2018-06-02T20:25:23Z">
          <params>
            <param index="0">
              <value>
                <![CDATA[ admi]]>
              </value>
            </param>
            <param index="1">
              <value>
                <![CDATA[manager]]>
              </value>
            </param>
            <param index="2">
              <value>
                <![CDATA[fail]]>
              </value>
            </param>
          </params>
          <reporter-output>
          </reporter-output>
        </test-method> <!-- loginWithTestDataTest -->
        <test-method status="PASS" signature="TearDown()[pri:0, instance:com.actitime.tests.LoginPageTest@17e1986]" name="TearDown" is-config="true" duration-ms="657" started-at="2018-06-02T20:25:23Z" finished-at="2018-06-02T20:25:24Z">
          <reporter-output>
          </reporter-output>
        </test-method> <!-- TearDown -->
      </class> <!-- com.actitime.tests.LoginPageTest -->
    </test> <!-- Command line test -->
  </suite> <!-- Command line suite -->
</testng-results>
